2025-09-09 22:22:39,937 INFO Starting capture. Press 'q' to quit, 'm' to toggle mode, 'c' to calibrate.
2025-09-09 22:22:40,878 INFO Starting capture. Press 'q' to quit, 'm' to toggle mode, 'c' to calibrate.
2025-09-09 22:22:40,954 ERROR Failed to read frame from camera.
2025-09-09 22:22:40,997 INFO Shutdown complete.
2025-09-09 22:23:06,887 INFO Left hand closed: BRAKE press
2025-09-09 22:24:22,359 INFO Right hand closed: GAS press
2025-09-09 22:24:23,288 INFO Left hand closed: BRAKE press
2025-09-09 22:24:24,804 INFO Right hand closed: GAS press
2025-09-09 22:24:28,136 INFO Left hand closed: BRAKE press
2025-09-09 22:24:32,134 INFO Right hand closed: GAS press
2025-09-09 22:24:34,134 INFO Right hand closed: GAS press
2025-09-09 22:24:38,363 INFO Right hand closed: GAS press
2025-09-09 22:24:38,474 INFO Left hand closed: BRAKE press
2025-09-09 22:24:41,400 INFO Right hand closed: GAS press
2025-09-09 22:24:42,968 INFO Left hand closed: BRAKE press
2025-09-09 22:25:33,642 INFO Left hand closed: BRAKE press
2025-09-09 22:25:44,887 INFO Right hand closed: GAS press
2025-09-09 22:26:37,450 INFO Left hand closed: BRAKE press
2025-09-09 22:30:09,771 INFO Right hand closed: GAS press
2025-09-09 22:32:46,329 INFO Left hand closed: BRAKE press
2025-09-09 22:32:48,939 INFO Left hand closed: BRAKE press
2025-09-09 22:32:49,303 INFO Left hand closed: BRAKE press
2025-09-09 22:32:49,500 INFO Left hand closed: BRAKE press
2025-09-09 22:32:52,288 INFO Left hand closed: BRAKE press
2025-09-09 22:32:52,744 INFO Left hand closed: BRAKE press
2025-09-09 22:32:52,923 INFO Left hand closed: BRAKE press
2025-09-09 22:32:53,217 INFO Left hand closed: BRAKE press
2025-09-09 22:32:53,795 INFO Left hand closed: BRAKE press
2025-09-09 22:32:53,975 INFO Left hand closed: BRAKE press
2025-09-09 22:33:02,709 INFO Left hand closed: BRAKE press
2025-09-09 22:33:30,216 INFO Left hand closed: BRAKE press
2025-09-09 22:33:30,263 INFO Right hand closed: GAS press
2025-09-09 22:34:10,494 INFO Left hand closed: BRAKE press
2025-09-09 22:34:12,272 INFO Left hand closed: BRAKE press
2025-09-09 22:34:14,292 INFO Left hand closed: BRAKE press
2025-09-09 22:34:16,665 INFO Left hand closed: BRAKE press
2025-09-09 22:34:17,654 INFO Left hand closed: BRAKE press
2025-09-09 22:34:32,281 INFO Left hand closed: BRAKE press
2025-09-09 22:37:36,098 INFO Left hand closed: BRAKE press
2025-09-09 22:38:17,985 INFO Right hand closed: GAS press
2025-09-09 22:39:33,012 INFO Left hand closed: BRAKE press
2025-09-09 22:39:48,296 INFO Right hand closed: GAS press
2025-09-09 22:39:48,793 INFO Right hand closed: GAS press
2025-09-09 22:39:50,298 INFO Right hand closed: GAS press
2025-09-09 22:40:34,626 INFO Left hand closed: BRAKE press
2025-09-09 22:40:36,252 INFO Left hand closed: BRAKE press
2025-09-09 22:40:37,743 INFO Left hand closed: BRAKE press
2025-09-09 22:40:37,934 INFO Left hand closed: BRAKE press
2025-09-09 22:40:42,566 INFO Left hand closed: BRAKE press
2025-09-09 22:40:47,047 INFO Left hand closed: BRAKE press
2025-09-09 22:40:48,084 INFO Left hand closed: BRAKE press
2025-09-09 22:40:48,813 INFO Left hand closed: BRAKE press
2025-09-09 22:40:48,928 INFO Right hand closed: GAS press
2025-09-09 22:40:48,935 INFO Left hand closed: BRAKE press
2025-09-09 22:40:50,698 INFO Right hand closed: GAS press
2025-09-09 22:40:50,705 INFO Left hand closed: BRAKE press
2025-09-09 22:40:54,789 INFO Right hand closed: GAS press
2025-09-09 22:40:54,795 INFO Left hand closed: BRAKE press
2025-09-09 22:41:51,035 INFO Right hand closed: GAS press
2025-09-09 22:42:01,252 INFO Left hand closed: BRAKE press
2025-09-09 22:42:06,412 INFO Left hand closed: BRAKE press
2025-09-09 22:42:06,492 INFO Right hand closed: GAS press
2025-09-09 22:43:21,063 INFO Left hand closed: BRAKE press
2025-09-09 22:43:21,416 INFO Left hand closed: BRAKE press
2025-09-09 22:43:23,825 INFO Left hand closed: BRAKE press
2025-09-09 22:43:24,962 INFO Left hand closed: BRAKE press
2025-09-09 22:43:25,126 INFO Left hand closed: BRAKE press
2025-09-09 22:43:27,176 INFO Left hand closed: BRAKE press
2025-09-09 22:44:09,447 INFO Left hand closed: BRAKE press
2025-09-09 22:47:28,184 INFO Shutdown complete.
2025-09-09 22:56:11,817 INFO Starting capture. Press 'q' to quit, 'm' to toggle mode, 'c' to calibrate.
2025-09-09 22:58:23,376 INFO Left hand closed: BRAKE press
2025-09-09 22:58:24,945 INFO Right hand closed: GAS press
2025-09-09 22:58:33,729 INFO Left hand closed: BRAKE press
2025-09-09 22:58:35,901 INFO Right hand closed: GAS press
2025-09-09 22:58:39,235 INFO Left hand closed: BRAKE press
2025-09-09 22:58:43,741 INFO Right hand closed: GAS press
2025-09-09 22:58:45,706 INFO Right hand closed: GAS press
2025-09-09 22:58:49,953 INFO Left hand closed: BRAKE press
2025-09-09 22:58:50,431 INFO Right hand closed: GAS press
2025-09-09 22:59:17,800 INFO Shutdown complete.
2025-09-10 00:34:26,902 INFO Starting capture. Press 'q' to quit, 'm' to toggle mode, 'c' to calibrate.
2025-09-10 00:37:36,038 INFO Game Mode Deactivated
2025-09-10 00:38:25,882 INFO Shutdown complete.
2025-09-10 01:25:28,028 INFO Initializing Game Glide with plugin system...
2025-09-10 01:25:28,029 INFO Loaded config from config.yaml
2025-09-10 01:25:28,029 INFO Initializing plugin system...
2025-09-10 01:25:28,031 INFO Created backends: ['pynput', 'sendinput']
2025-09-10 01:25:28,031 INFO Loaded built-in gesture plugins: ['rule_based']
2025-09-10 01:25:28,032 INFO Loaded external plugin: rulebased
2025-09-10 01:25:28,033 INFO Plugin system initialized
2025-09-10 01:25:28,034 INFO Started config file watching
2025-09-10 01:25:30,977 INFO Plugin System Status: {'gesture_plugins': {'available': ['rule_based', 'rulebased'], 'active': ['rule_based'], 'enabled': ['rule_based', 'rulebased']}, 'profiles': {'available': ['gaming_advanced', 'hill_climb_racing', 'mouse_control'], 'active': 'hill_climb_racing'}, 'backends': {'available': ['pynput', 'sendinput'], 'active': 'pynput'}, 'config_file': 'config.yaml', 'config_watching': True}
2025-09-10 01:25:30,977 INFO Starting capture. Press 'q' to quit, 'm' to toggle mode, 'c' to calibrate, 'p' to toggle plugin system, 'h' to toggle HUD.
2025-09-10 01:25:32,145 ERROR Plugin system error: 'GestureResult' object has no attribute 'name'
2025-09-10 01:25:32,191 ERROR Plugin system error: 'GestureResult' object has no attribute 'name'
2025-09-10 01:25:32,238 ERROR Plugin system error: 'GestureResult' object has no attribute 'name'
2025-09-10 01:25:32,271 ERROR Plugin system error: 'GestureResult' object has no attribute 'name'
2025-09-10 01:25:32,316 ERROR Plugin system error: 'GestureResult' object has no attribute 'name'
2025-09-10 01:25:32,349 ERROR Plugin system error: 'GestureResult' object has no attribute 'name'
2025-09-10 01:25:32,382 ERROR Plugin system error: 'GestureResult' object has no attribute 'name'
2025-09-10 01:25:32,415 ERROR Plugin system error: 'GestureResult' object has no attribute 'name'
2025-09-10 01:25:32,448 ERROR Plugin system error: 'GestureResult' object has no attribute 'name'
2025-09-10 01:25:32,481 ERROR Plugin system error: 'GestureResult' object has no attribute 'name'
2025-09-10 01:25:32,516 ERROR Plugin system error: 'GestureResult' object has no attribute 'name'
2025-09-10 01:25:32,548 ERROR Plugin system error: 'GestureResult' object has no attribute 'name'
2025-09-10 01:25:32,593 ERROR Plugin system error: 'GestureResult' object has no attribute 'name'
2025-09-10 01:25:32,625 ERROR Plugin system error: 'GestureResult' object has no attribute 'name'
2025-09-10 01:25:46,432 ERROR Plugin system error: 'GestureResult' object has no attribute 'name'
2025-09-10 01:25:46,466 ERROR Plugin system error: 'GestureResult' object has no attribute 'name'
2025-09-10 01:25:46,502 ERROR Plugin system error: 'GestureResult' object has no attribute 'name'
2025-09-10 01:25:47,248 ERROR Plugin system error: 'GestureResult' object has no attribute 'name'
2025-09-10 01:25:47,279 ERROR Plugin system error: 'GestureResult' object has no attribute 'name'
2025-09-10 01:25:47,307 ERROR Plugin system error: 'GestureResult' object has no attribute 'name'
2025-09-10 01:25:47,876 ERROR Plugin system error: 'GestureResult' object has no attribute 'name'
2025-09-10 01:25:47,910 ERROR Plugin system error: 'GestureResult' object has no attribute 'name'
2025-09-10 01:25:47,940 ERROR Plugin system error: 'GestureResult' object has no attribute 'name'
2025-09-10 01:25:47,973 ERROR Plugin system error: 'GestureResult' object has no attribute 'name'
2025-09-10 01:25:48,034 ERROR Plugin system error: 'GestureResult' object has no attribute 'name'
2025-09-10 01:25:48,066 ERROR Plugin system error: 'GestureResult' object has no attribute 'name'
2025-09-10 01:25:48,109 ERROR Plugin system error: 'GestureResult' object has no attribute 'name'
2025-09-10 01:25:48,160 ERROR Plugin system error: 'GestureResult' object has no attribute 'name'
2025-09-10 01:25:48,189 ERROR Plugin system error: 'GestureResult' object has no attribute 'name'
2025-09-10 01:25:48,226 ERROR Plugin system error: 'GestureResult' object has no attribute 'name'
2025-09-10 01:25:48,258 ERROR Plugin system error: 'GestureResult' object has no attribute 'name'
2025-09-10 01:25:48,290 ERROR Plugin system error: 'GestureResult' object has no attribute 'name'
2025-09-10 01:25:48,322 ERROR Plugin system error: 'GestureResult' object has no attribute 'name'
2025-09-10 01:25:48,368 ERROR Plugin system error: 'GestureResult' object has no attribute 'name'
2025-09-10 01:25:48,412 ERROR Plugin system error: 'GestureResult' object has no attribute 'name'
2025-09-10 01:25:48,444 ERROR Plugin system error: 'GestureResult' object has no attribute 'name'
2025-09-10 01:25:50,922 ERROR Plugin system error: 'GestureResult' object has no attribute 'name'
2025-09-10 01:25:50,966 ERROR Plugin system error: 'GestureResult' object has no attribute 'name'
2025-09-10 01:25:50,999 ERROR Plugin system error: 'GestureResult' object has no attribute 'name'
2025-09-10 01:25:51,044 ERROR Plugin system error: 'GestureResult' object has no attribute 'name'
2025-09-10 01:25:51,075 ERROR Plugin system error: 'GestureResult' object has no attribute 'name'
2025-09-10 01:25:51,107 ERROR Plugin system error: 'GestureResult' object has no attribute 'name'
2025-09-10 01:25:51,138 ERROR Plugin system error: 'GestureResult' object has no attribute 'name'
2025-09-10 01:25:51,169 ERROR Plugin system error: 'GestureResult' object has no attribute 'name'
2025-09-10 01:25:51,200 ERROR Plugin system error: 'GestureResult' object has no attribute 'name'
2025-09-10 01:25:51,231 ERROR Plugin system error: 'GestureResult' object has no attribute 'name'
2025-09-10 01:25:51,262 ERROR Plugin system error: 'GestureResult' object has no attribute 'name'
2025-09-10 01:25:51,293 ERROR Plugin system error: 'GestureResult' object has no attribute 'name'
2025-09-10 01:25:51,323 ERROR Plugin system error: 'GestureResult' object has no attribute 'name'
2025-09-10 01:25:51,364 ERROR Plugin system error: 'GestureResult' object has no attribute 'name'
2025-09-10 01:25:51,394 ERROR Plugin system error: 'GestureResult' object has no attribute 'name'
2025-09-10 01:25:51,442 ERROR Plugin system error: 'GestureResult' object has no attribute 'name'
2025-09-10 01:25:51,473 ERROR Plugin system error: 'GestureResult' object has no attribute 'name'
2025-09-10 01:25:51,504 ERROR Plugin system error: 'GestureResult' object has no attribute 'name'
2025-09-10 01:25:51,536 ERROR Plugin system error: 'GestureResult' object has no attribute 'name'
2025-09-10 01:25:51,567 ERROR Plugin system error: 'GestureResult' object has no attribute 'name'
2025-09-10 01:25:51,597 ERROR Plugin system error: 'GestureResult' object has no attribute 'name'
2025-09-10 01:25:51,629 ERROR Plugin system error: 'GestureResult' object has no attribute 'name'
2025-09-10 01:25:51,660 ERROR Plugin system error: 'GestureResult' object has no attribute 'name'
2025-09-10 01:25:51,692 ERROR Plugin system error: 'GestureResult' object has no attribute 'name'
2025-09-10 01:25:51,725 ERROR Plugin system error: 'GestureResult' object has no attribute 'name'
2025-09-10 01:25:51,762 ERROR Plugin system error: 'GestureResult' object has no attribute 'name'
2025-09-10 01:25:51,796 ERROR Plugin system error: 'GestureResult' object has no attribute 'name'
2025-09-10 01:25:51,843 ERROR Plugin system error: 'GestureResult' object has no attribute 'name'
2025-09-10 01:25:51,875 ERROR Plugin system error: 'GestureResult' object has no attribute 'name'
2025-09-10 01:25:51,906 ERROR Plugin system error: 'GestureResult' object has no attribute 'name'
2025-09-10 01:25:51,938 ERROR Plugin system error: 'GestureResult' object has no attribute 'name'
2025-09-10 01:25:51,969 ERROR Plugin system error: 'GestureResult' object has no attribute 'name'
2025-09-10 01:25:51,999 ERROR Plugin system error: 'GestureResult' object has no attribute 'name'
2025-09-10 01:25:52,032 ERROR Plugin system error: 'GestureResult' object has no attribute 'name'
2025-09-10 01:25:52,064 ERROR Plugin system error: 'GestureResult' object has no attribute 'name'
2025-09-10 01:25:52,095 ERROR Plugin system error: 'GestureResult' object has no attribute 'name'
2025-09-10 01:25:52,126 ERROR Plugin system error: 'GestureResult' object has no attribute 'name'
2025-09-10 01:25:52,163 ERROR Plugin system error: 'GestureResult' object has no attribute 'name'
2025-09-10 01:25:52,194 ERROR Plugin system error: 'GestureResult' object has no attribute 'name'
2025-09-10 01:25:52,244 ERROR Plugin system error: 'GestureResult' object has no attribute 'name'
2025-09-10 01:25:52,278 ERROR Plugin system error: 'GestureResult' object has no attribute 'name'
2025-09-10 01:25:52,310 ERROR Plugin system error: 'GestureResult' object has no attribute 'name'
2025-09-10 01:25:52,342 ERROR Plugin system error: 'GestureResult' object has no attribute 'name'
2025-09-10 01:25:52,373 ERROR Plugin system error: 'GestureResult' object has no attribute 'name'
2025-09-10 01:25:52,403 ERROR Plugin system error: 'GestureResult' object has no attribute 'name'
2025-09-10 01:25:52,435 ERROR Plugin system error: 'GestureResult' object has no attribute 'name'
2025-09-10 01:25:52,467 ERROR Plugin system error: 'GestureResult' object has no attribute 'name'
2025-09-10 01:25:52,497 ERROR Plugin system error: 'GestureResult' object has no attribute 'name'
2025-09-10 01:25:52,530 ERROR Plugin system error: 'GestureResult' object has no attribute 'name'
2025-09-10 01:25:53,535 ERROR Plugin system error: 'GestureResult' object has no attribute 'name'
2025-09-10 01:25:53,569 ERROR Plugin system error: 'GestureResult' object has no attribute 'name'
2025-09-10 01:25:53,616 ERROR Plugin system error: 'GestureResult' object has no attribute 'name'
2025-09-10 01:25:53,647 ERROR Plugin system error: 'GestureResult' object has no attribute 'name'
2025-09-10 01:25:53,677 ERROR Plugin system error: 'GestureResult' object has no attribute 'name'
2025-09-10 01:25:53,706 ERROR Plugin system error: 'GestureResult' object has no attribute 'name'
2025-09-10 01:25:53,738 ERROR Plugin system error: 'GestureResult' object has no attribute 'name'
2025-09-10 01:25:53,778 ERROR Plugin system error: 'GestureResult' object has no attribute 'name'
2025-09-10 01:25:53,809 ERROR Plugin system error: 'GestureResult' object has no attribute 'name'
2025-09-10 01:25:53,841 ERROR Plugin system error: 'GestureResult' object has no attribute 'name'
2025-09-10 01:25:53,872 ERROR Plugin system error: 'GestureResult' object has no attribute 'name'
2025-09-10 01:25:53,902 ERROR Plugin system error: 'GestureResult' object has no attribute 'name'
2025-09-10 01:25:53,934 ERROR Plugin system error: 'GestureResult' object has no attribute 'name'
2025-09-10 01:25:53,966 ERROR Plugin system error: 'GestureResult' object has no attribute 'name'
2025-09-10 01:25:53,998 ERROR Plugin system error: 'GestureResult' object has no attribute 'name'
2025-09-10 01:25:54,030 ERROR Plugin system error: 'GestureResult' object has no attribute 'name'
2025-09-10 01:25:54,061 ERROR Plugin system error: 'GestureResult' object has no attribute 'name'
2025-09-10 01:25:54,092 ERROR Plugin system error: 'GestureResult' object has no attribute 'name'
2025-09-10 01:25:54,121 ERROR Plugin system error: 'GestureResult' object has no attribute 'name'
2025-09-10 01:25:54,178 ERROR Plugin system error: 'GestureResult' object has no attribute 'name'
2025-09-10 01:25:54,209 ERROR Plugin system error: 'GestureResult' object has no attribute 'name'
2025-09-10 01:25:54,239 ERROR Plugin system error: 'GestureResult' object has no attribute 'name'
2025-09-10 01:25:54,270 ERROR Plugin system error: 'GestureResult' object has no attribute 'name'
2025-09-10 01:25:54,300 ERROR Plugin system error: 'GestureResult' object has no attribute 'name'
2025-09-10 01:25:54,330 ERROR Plugin system error: 'GestureResult' object has no attribute 'name'
2025-09-10 01:25:54,363 ERROR Plugin system error: 'GestureResult' object has no attribute 'name'
2025-09-10 01:25:54,393 ERROR Plugin system error: 'GestureResult' object has no attribute 'name'
2025-09-10 01:25:54,425 ERROR Plugin system error: 'GestureResult' object has no attribute 'name'
2025-09-10 01:25:54,458 ERROR Plugin system error: 'GestureResult' object has no attribute 'name'
2025-09-10 01:25:54,490 ERROR Plugin system error: 'GestureResult' object has no attribute 'name'
2025-09-10 01:25:54,521 ERROR Plugin system error: 'GestureResult' object has no attribute 'name'
2025-09-10 01:25:54,577 ERROR Plugin system error: 'GestureResult' object has no attribute 'name'
2025-09-10 01:25:54,609 ERROR Plugin system error: 'GestureResult' object has no attribute 'name'
2025-09-10 01:25:54,645 ERROR Plugin system error: 'GestureResult' object has no attribute 'name'
2025-09-10 01:25:54,675 ERROR Plugin system error: 'GestureResult' object has no attribute 'name'
2025-09-10 01:25:54,706 ERROR Plugin system error: 'GestureResult' object has no attribute 'name'
2025-09-10 01:25:54,738 ERROR Plugin system error: 'GestureResult' object has no attribute 'name'
2025-09-10 01:25:54,769 ERROR Plugin system error: 'GestureResult' object has no attribute 'name'
2025-09-10 01:25:54,806 ERROR Plugin system error: 'GestureResult' object has no attribute 'name'
2025-09-10 01:25:54,846 ERROR Plugin system error: 'GestureResult' object has no attribute 'name'
2025-09-10 01:25:54,879 ERROR Plugin system error: 'GestureResult' object has no attribute 'name'
2025-09-10 01:25:54,910 ERROR Plugin system error: 'GestureResult' object has no attribute 'name'
2025-09-10 01:25:54,943 ERROR Plugin system error: 'GestureResult' object has no attribute 'name'
2025-09-10 01:25:54,979 ERROR Plugin system error: 'GestureResult' object has no attribute 'name'
2025-09-10 01:25:55,013 ERROR Plugin system error: 'GestureResult' object has no attribute 'name'
2025-09-10 01:25:55,044 ERROR Plugin system error: 'GestureResult' object has no attribute 'name'
2025-09-10 01:25:55,076 ERROR Plugin system error: 'GestureResult' object has no attribute 'name'
2025-09-10 01:25:55,109 ERROR Plugin system error: 'GestureResult' object has no attribute 'name'
2025-09-10 01:25:55,141 ERROR Plugin system error: 'GestureResult' object has no attribute 'name'
2025-09-10 01:25:55,174 ERROR Plugin system error: 'GestureResult' object has no attribute 'name'
2025-09-10 01:25:55,208 ERROR Plugin system error: 'GestureResult' object has no attribute 'name'
2025-09-10 01:25:55,240 ERROR Plugin system error: 'GestureResult' object has no attribute 'name'
2025-09-10 01:25:55,270 ERROR Plugin system error: 'GestureResult' object has no attribute 'name'
2025-09-10 01:25:55,303 ERROR Plugin system error: 'GestureResult' object has no attribute 'name'
2025-09-10 01:25:55,333 ERROR Plugin system error: 'GestureResult' object has no attribute 'name'
2025-09-10 01:25:55,364 ERROR Plugin system error: 'GestureResult' object has no attribute 'name'
2025-09-10 01:25:55,398 ERROR Plugin system error: 'GestureResult' object has no attribute 'name'
2025-09-10 01:25:55,429 ERROR Plugin system error: 'GestureResult' object has no attribute 'name'
2025-09-10 01:25:55,461 ERROR Plugin system error: 'GestureResult' object has no attribute 'name'
2025-09-10 01:25:55,492 ERROR Plugin system error: 'GestureResult' object has no attribute 'name'
2025-09-10 01:25:55,524 ERROR Plugin system error: 'GestureResult' object has no attribute 'name'
2025-09-10 01:25:55,557 ERROR Plugin system error: 'GestureResult' object has no attribute 'name'
2025-09-10 01:25:55,587 ERROR Plugin system error: 'GestureResult' object has no attribute 'name'
2025-09-10 01:25:55,618 ERROR Plugin system error: 'GestureResult' object has no attribute 'name'
2025-09-10 01:26:01,891 INFO Plugin System Deactivated
2025-09-10 01:26:16,036 INFO Game Mode Deactivated
2025-09-10 01:27:01,989 INFO Game Mode Activated
2025-09-10 01:27:05,991 INFO Plugin System Activated
2025-09-10 01:27:06,512 ERROR Plugin system error: 'GestureResult' object has no attribute 'name'
2025-09-10 01:27:06,564 ERROR Plugin system error: 'GestureResult' object has no attribute 'name'
2025-09-10 01:27:06,606 ERROR Plugin system error: 'GestureResult' object has no attribute 'name'
2025-09-10 01:27:06,651 ERROR Plugin system error: 'GestureResult' object has no attribute 'name'
2025-09-10 01:27:06,697 ERROR Plugin system error: 'GestureResult' object has no attribute 'name'
2025-09-10 01:27:06,728 ERROR Plugin system error: 'GestureResult' object has no attribute 'name'
2025-09-10 01:27:06,822 ERROR Plugin system error: 'GestureResult' object has no attribute 'name'
2025-09-10 01:27:06,959 ERROR Plugin system error: 'GestureResult' object has no attribute 'name'
2025-09-10 01:27:06,993 ERROR Plugin system error: 'GestureResult' object has no attribute 'name'
2025-09-10 01:27:07,037 ERROR Plugin system error: 'GestureResult' object has no attribute 'name'
2025-09-10 01:27:07,083 ERROR Plugin system error: 'GestureResult' object has no attribute 'name'
2025-09-10 01:27:07,129 ERROR Plugin system error: 'GestureResult' object has no attribute 'name'
2025-09-10 01:27:07,165 ERROR Plugin system error: 'GestureResult' object has no attribute 'name'
2025-09-10 01:27:07,265 ERROR Plugin system error: 'GestureResult' object has no attribute 'name'
2025-09-10 01:27:07,299 ERROR Plugin system error: 'GestureResult' object has no attribute 'name'
2025-09-10 01:27:07,348 ERROR Plugin system error: 'GestureResult' object has no attribute 'name'
2025-09-10 01:27:07,411 ERROR Plugin system error: 'GestureResult' object has no attribute 'name'
2025-09-10 01:27:07,452 ERROR Plugin system error: 'GestureResult' object has no attribute 'name'
2025-09-10 01:27:07,483 ERROR Plugin system error: 'GestureResult' object has no attribute 'name'
2025-09-10 01:27:07,515 ERROR Plugin system error: 'GestureResult' object has no attribute 'name'
2025-09-10 01:27:07,561 ERROR Plugin system error: 'GestureResult' object has no attribute 'name'
2025-09-10 01:27:11,422 INFO Calibration mode ON
2025-09-10 01:27:19,830 ERROR Plugin system error: 'GestureResult' object has no attribute 'name'
2025-09-10 01:27:19,883 ERROR Plugin system error: 'GestureResult' object has no attribute 'name'
2025-09-10 01:27:19,925 ERROR Plugin system error: 'GestureResult' object has no attribute 'name'
2025-09-10 01:27:19,971 ERROR Plugin system error: 'GestureResult' object has no attribute 'name'
2025-09-10 01:27:20,018 ERROR Plugin system error: 'GestureResult' object has no attribute 'name'
2025-09-10 01:27:20,079 ERROR Plugin system error: 'GestureResult' object has no attribute 'name'
2025-09-10 01:27:20,125 ERROR Plugin system error: 'GestureResult' object has no attribute 'name'
2025-09-10 01:27:20,171 ERROR Plugin system error: 'GestureResult' object has no attribute 'name'
2025-09-10 01:27:20,218 ERROR Plugin system error: 'GestureResult' object has no attribute 'name'
2025-09-10 01:27:20,265 ERROR Plugin system error: 'GestureResult' object has no attribute 'name'
2025-09-10 01:27:20,310 ERROR Plugin system error: 'GestureResult' object has no attribute 'name'
2025-09-10 01:27:20,357 ERROR Plugin system error: 'GestureResult' object has no attribute 'name'
2025-09-10 01:27:20,415 ERROR Plugin system error: 'GestureResult' object has no attribute 'name'
2025-09-10 01:27:20,450 ERROR Plugin system error: 'GestureResult' object has no attribute 'name'
2025-09-10 01:27:20,496 ERROR Plugin system error: 'GestureResult' object has no attribute 'name'
2025-09-10 01:27:20,544 ERROR Plugin system error: 'GestureResult' object has no attribute 'name'
2025-09-10 01:27:20,591 ERROR Plugin system error: 'GestureResult' object has no attribute 'name'
2025-09-10 01:27:20,638 ERROR Plugin system error: 'GestureResult' object has no attribute 'name'
2025-09-10 01:27:20,683 ERROR Plugin system error: 'GestureResult' object has no attribute 'name'
2025-09-10 01:27:20,729 ERROR Plugin system error: 'GestureResult' object has no attribute 'name'
2025-09-10 01:27:20,775 ERROR Plugin system error: 'GestureResult' object has no attribute 'name'
2025-09-10 01:27:20,817 ERROR Plugin system error: 'GestureResult' object has no attribute 'name'
2025-09-10 01:27:20,855 ERROR Plugin system error: 'GestureResult' object has no attribute 'name'
2025-09-10 01:27:20,898 ERROR Plugin system error: 'GestureResult' object has no attribute 'name'
2025-09-10 01:27:20,945 ERROR Plugin system error: 'GestureResult' object has no attribute 'name'
2025-09-10 01:27:20,976 ERROR Plugin system error: 'GestureResult' object has no attribute 'name'
2025-09-10 01:27:21,022 ERROR Plugin system error: 'GestureResult' object has no attribute 'name'
2025-09-10 01:27:21,054 ERROR Plugin system error: 'GestureResult' object has no attribute 'name'
2025-09-10 01:27:21,099 ERROR Plugin system error: 'GestureResult' object has no attribute 'name'
2025-09-10 01:27:21,145 ERROR Plugin system error: 'GestureResult' object has no attribute 'name'
2025-09-10 01:27:21,176 ERROR Plugin system error: 'GestureResult' object has no attribute 'name'
2025-09-10 01:27:21,222 ERROR Plugin system error: 'GestureResult' object has no attribute 'name'
2025-09-10 01:27:21,279 ERROR Plugin system error: 'GestureResult' object has no attribute 'name'
2025-09-10 01:27:21,315 ERROR Plugin system error: 'GestureResult' object has no attribute 'name'
2025-09-10 01:27:21,361 ERROR Plugin system error: 'GestureResult' object has no attribute 'name'
2025-09-10 01:27:21,407 ERROR Plugin system error: 'GestureResult' object has no attribute 'name'
2025-09-10 01:27:21,454 ERROR Plugin system error: 'GestureResult' object has no attribute 'name'
2025-09-10 01:27:21,486 ERROR Plugin system error: 'GestureResult' object has no attribute 'name'
2025-09-10 01:27:21,532 ERROR Plugin system error: 'GestureResult' object has no attribute 'name'
2025-09-10 01:27:21,577 ERROR Plugin system error: 'GestureResult' object has no attribute 'name'
2025-09-10 01:27:21,623 ERROR Plugin system error: 'GestureResult' object has no attribute 'name'
2025-09-10 01:27:24,415 ERROR Plugin system error: 'GestureResult' object has no attribute 'name'
2025-09-10 01:27:24,466 ERROR Plugin system error: 'GestureResult' object has no attribute 'name'
2025-09-10 01:27:24,509 ERROR Plugin system error: 'GestureResult' object has no attribute 'name'
2025-09-10 01:27:24,560 ERROR Plugin system error: 'GestureResult' object has no attribute 'name'
2025-09-10 01:27:24,599 ERROR Plugin system error: 'GestureResult' object has no attribute 'name'
2025-09-10 01:27:24,645 ERROR Plugin system error: 'GestureResult' object has no attribute 'name'
2025-09-10 01:27:24,692 ERROR Plugin system error: 'GestureResult' object has no attribute 'name'
2025-09-10 01:27:24,740 ERROR Plugin system error: 'GestureResult' object has no attribute 'name'
2025-09-10 01:27:24,784 ERROR Plugin system error: 'GestureResult' object has no attribute 'name'
2025-09-10 01:27:24,831 ERROR Plugin system error: 'GestureResult' object has no attribute 'name'
2025-09-10 01:27:24,894 ERROR Plugin system error: 'GestureResult' object has no attribute 'name'
2025-09-10 01:27:24,939 ERROR Plugin system error: 'GestureResult' object has no attribute 'name'
2025-09-10 01:27:25,542 ERROR Plugin system error: 'GestureResult' object has no attribute 'name'
2025-09-10 01:27:25,588 ERROR Plugin system error: 'GestureResult' object has no attribute 'name'
2025-09-10 01:27:25,634 ERROR Plugin system error: 'GestureResult' object has no attribute 'name'
2025-09-10 01:27:25,696 ERROR Plugin system error: 'GestureResult' object has no attribute 'name'
2025-09-10 01:27:25,759 ERROR Plugin system error: 'GestureResult' object has no attribute 'name'
2025-09-10 01:27:25,803 ERROR Plugin system error: 'GestureResult' object has no attribute 'name'
2025-09-10 01:27:25,834 ERROR Plugin system error: 'GestureResult' object has no attribute 'name'
2025-09-10 01:27:25,882 ERROR Plugin system error: 'GestureResult' object has no attribute 'name'
2025-09-10 01:27:25,928 ERROR Plugin system error: 'GestureResult' object has no attribute 'name'
2025-09-10 01:27:25,974 ERROR Plugin system error: 'GestureResult' object has no attribute 'name'
2025-09-10 01:27:26,469 ERROR Plugin system error: 'GestureResult' object has no attribute 'name'
2025-09-10 01:27:26,515 ERROR Plugin system error: 'GestureResult' object has no attribute 'name'
2025-09-10 01:27:26,561 ERROR Plugin system error: 'GestureResult' object has no attribute 'name'
2025-09-10 01:27:26,606 ERROR Plugin system error: 'GestureResult' object has no attribute 'name'
2025-09-10 01:27:26,638 ERROR Plugin system error: 'GestureResult' object has no attribute 'name'
2025-09-10 01:27:26,688 ERROR Plugin system error: 'GestureResult' object has no attribute 'name'
2025-09-10 01:27:26,729 ERROR Plugin system error: 'GestureResult' object has no attribute 'name'
2025-09-10 01:27:26,806 ERROR Plugin system error: 'GestureResult' object has no attribute 'name'
2025-09-10 01:27:29,366 ERROR Plugin system error: 'GestureResult' object has no attribute 'name'
2025-09-10 01:27:29,405 ERROR Plugin system error: 'GestureResult' object has no attribute 'name'
2025-09-10 01:27:29,440 ERROR Plugin system error: 'GestureResult' object has no attribute 'name'
2025-09-10 01:27:29,476 ERROR Plugin system error: 'GestureResult' object has no attribute 'name'
2025-09-10 01:27:29,514 ERROR Plugin system error: 'GestureResult' object has no attribute 'name'
2025-09-10 01:27:29,551 ERROR Plugin system error: 'GestureResult' object has no attribute 'name'
2025-09-10 01:27:29,586 ERROR Plugin system error: 'GestureResult' object has no attribute 'name'
2025-09-10 01:27:29,620 ERROR Plugin system error: 'GestureResult' object has no attribute 'name'
2025-09-10 01:27:29,656 ERROR Plugin system error: 'GestureResult' object has no attribute 'name'
2025-09-10 01:27:29,691 ERROR Plugin system error: 'GestureResult' object has no attribute 'name'
2025-09-10 01:27:29,728 ERROR Plugin system error: 'GestureResult' object has no attribute 'name'
2025-09-10 01:27:29,761 ERROR Plugin system error: 'GestureResult' object has no attribute 'name'
2025-09-10 01:27:29,798 ERROR Plugin system error: 'GestureResult' object has no attribute 'name'
2025-09-10 01:27:29,833 ERROR Plugin system error: 'GestureResult' object has no attribute 'name'
2025-09-10 01:27:29,869 ERROR Plugin system error: 'GestureResult' object has no attribute 'name'
2025-09-10 01:27:29,905 ERROR Plugin system error: 'GestureResult' object has no attribute 'name'
2025-09-10 01:27:29,940 ERROR Plugin system error: 'GestureResult' object has no attribute 'name'
2025-09-10 01:27:29,975 ERROR Plugin system error: 'GestureResult' object has no attribute 'name'
2025-09-10 01:27:30,036 ERROR Plugin system error: 'GestureResult' object has no attribute 'name'
2025-09-10 01:27:30,074 ERROR Plugin system error: 'GestureResult' object has no attribute 'name'
2025-09-10 01:27:30,106 ERROR Plugin system error: 'GestureResult' object has no attribute 'name'
2025-09-10 01:27:31,983 INFO Calibration mode OFF
2025-09-10 01:27:33,559 INFO Plugin System Deactivated
2025-09-10 01:29:43,194 INFO Game Mode Deactivated
2025-09-10 01:29:44,618 INFO Game Mode Activated
2025-09-10 01:29:45,020 INFO Game Mode Deactivated
2025-09-10 01:29:45,344 INFO Game Mode Activated
2025-09-10 01:29:46,086 INFO Game Mode Deactivated
2025-09-10 01:29:46,690 INFO Game Mode Activated
2025-09-10 01:29:47,042 INFO Game Mode Deactivated
2025-09-10 01:29:57,143 INFO Plugin System Activated
2025-09-10 01:30:41,139 ERROR Plugin system error: 'GestureResult' object has no attribute 'name'
2025-09-10 01:30:41,223 ERROR Plugin system error: 'GestureResult' object has no attribute 'name'
2025-09-10 01:30:41,301 ERROR Plugin system error: 'GestureResult' object has no attribute 'name'
2025-09-10 01:30:41,384 ERROR Plugin system error: 'GestureResult' object has no attribute 'name'
2025-09-10 01:30:41,468 ERROR Plugin system error: 'GestureResult' object has no attribute 'name'
2025-09-10 01:30:41,546 ERROR Plugin system error: 'GestureResult' object has no attribute 'name'
2025-09-10 01:30:41,621 ERROR Plugin system error: 'GestureResult' object has no attribute 'name'
2025-09-10 01:30:41,905 ERROR Plugin system error: 'GestureResult' object has no attribute 'name'
2025-09-10 01:30:41,988 ERROR Plugin system error: 'GestureResult' object has no attribute 'name'
2025-09-10 01:30:42,068 ERROR Plugin system error: 'GestureResult' object has no attribute 'name'
2025-09-10 01:30:42,142 ERROR Plugin system error: 'GestureResult' object has no attribute 'name'
2025-09-10 01:30:42,217 ERROR Plugin system error: 'GestureResult' object has no attribute 'name'
2025-09-10 01:30:42,285 ERROR Plugin system error: 'GestureResult' object has no attribute 'name'
2025-09-10 01:30:42,356 ERROR Plugin system error: 'GestureResult' object has no attribute 'name'
2025-09-10 01:30:42,436 ERROR Plugin system error: 'GestureResult' object has no attribute 'name'
2025-09-10 01:30:42,515 ERROR Plugin system error: 'GestureResult' object has no attribute 'name'
2025-09-10 01:30:42,591 ERROR Plugin system error: 'GestureResult' object has no attribute 'name'
2025-09-10 01:30:42,651 ERROR Plugin system error: 'GestureResult' object has no attribute 'name'
2025-09-10 01:30:42,735 ERROR Plugin system error: 'GestureResult' object has no attribute 'name'
2025-09-10 01:30:42,781 ERROR Plugin system error: 'GestureResult' object has no attribute 'name'
2025-09-10 01:30:42,856 ERROR Plugin system error: 'GestureResult' object has no attribute 'name'
2025-09-10 01:30:42,916 ERROR Plugin system error: 'GestureResult' object has no attribute 'name'
2025-09-10 01:30:42,998 ERROR Plugin system error: 'GestureResult' object has no attribute 'name'
2025-09-10 01:30:43,084 ERROR Plugin system error: 'GestureResult' object has no attribute 'name'
2025-09-10 01:30:43,149 ERROR Plugin system error: 'GestureResult' object has no attribute 'name'
2025-09-10 01:30:43,226 ERROR Plugin system error: 'GestureResult' object has no attribute 'name'
2025-09-10 01:30:43,308 ERROR Plugin system error: 'GestureResult' object has no attribute 'name'
2025-09-10 01:30:43,395 ERROR Plugin system error: 'GestureResult' object has no attribute 'name'
2025-09-10 01:30:43,470 ERROR Plugin system error: 'GestureResult' object has no attribute 'name'
2025-09-10 01:30:43,554 ERROR Plugin system error: 'GestureResult' object has no attribute 'name'
2025-09-10 01:30:43,643 ERROR Plugin system error: 'GestureResult' object has no attribute 'name'
2025-09-10 01:30:43,720 ERROR Plugin system error: 'GestureResult' object has no attribute 'name'
2025-09-10 01:30:43,794 ERROR Plugin system error: 'GestureResult' object has no attribute 'name'
2025-09-10 01:30:43,868 ERROR Plugin system error: 'GestureResult' object has no attribute 'name'
2025-09-10 01:30:43,946 ERROR Plugin system error: 'GestureResult' object has no attribute 'name'
2025-09-10 01:30:44,028 ERROR Plugin system error: 'GestureResult' object has no attribute 'name'
2025-09-10 01:30:44,103 ERROR Plugin system error: 'GestureResult' object has no attribute 'name'
2025-09-10 01:30:44,173 ERROR Plugin system error: 'GestureResult' object has no attribute 'name'
2025-09-10 01:30:44,255 ERROR Plugin system error: 'GestureResult' object has no attribute 'name'
2025-09-10 01:30:44,335 ERROR Plugin system error: 'GestureResult' object has no attribute 'name'
2025-09-10 01:30:44,413 ERROR Plugin system error: 'GestureResult' object has no attribute 'name'
2025-09-10 01:30:44,487 ERROR Plugin system error: 'GestureResult' object has no attribute 'name'
2025-09-10 01:30:44,566 ERROR Plugin system error: 'GestureResult' object has no attribute 'name'
2025-09-10 01:30:44,645 ERROR Plugin system error: 'GestureResult' object has no attribute 'name'
2025-09-10 01:30:44,720 ERROR Plugin system error: 'GestureResult' object has no attribute 'name'
2025-09-10 01:30:44,799 ERROR Plugin system error: 'GestureResult' object has no attribute 'name'
2025-09-10 01:30:44,873 ERROR Plugin system error: 'GestureResult' object has no attribute 'name'
2025-09-10 01:30:44,952 ERROR Plugin system error: 'GestureResult' object has no attribute 'name'
2025-09-10 01:30:45,034 ERROR Plugin system error: 'GestureResult' object has no attribute 'name'
2025-09-10 01:30:45,109 ERROR Plugin system error: 'GestureResult' object has no attribute 'name'
2025-09-10 01:30:45,183 ERROR Plugin system error: 'GestureResult' object has no attribute 'name'
2025-09-10 01:30:45,263 ERROR Plugin system error: 'GestureResult' object has no attribute 'name'
2025-09-10 01:30:45,337 ERROR Plugin system error: 'GestureResult' object has no attribute 'name'
2025-09-10 01:30:45,410 ERROR Plugin system error: 'GestureResult' object has no attribute 'name'
2025-09-10 01:30:45,491 ERROR Plugin system error: 'GestureResult' object has no attribute 'name'
2025-09-10 01:30:45,576 ERROR Plugin system error: 'GestureResult' object has no attribute 'name'
2025-09-10 01:30:45,642 ERROR Plugin system error: 'GestureResult' object has no attribute 'name'
2025-09-10 01:30:45,724 ERROR Plugin system error: 'GestureResult' object has no attribute 'name'
2025-09-10 01:30:45,804 ERROR Plugin system error: 'GestureResult' object has no attribute 'name'
2025-09-10 01:30:45,883 ERROR Plugin system error: 'GestureResult' object has no attribute 'name'
2025-09-10 01:30:45,959 ERROR Plugin system error: 'GestureResult' object has no attribute 'name'
2025-09-10 01:30:46,033 ERROR Plugin system error: 'GestureResult' object has no attribute 'name'
2025-09-10 01:30:46,114 ERROR Plugin system error: 'GestureResult' object has no attribute 'name'
2025-09-10 01:30:46,186 ERROR Plugin system error: 'GestureResult' object has no attribute 'name'
2025-09-10 01:30:46,267 ERROR Plugin system error: 'GestureResult' object has no attribute 'name'
2025-09-10 01:30:46,336 ERROR Plugin system error: 'GestureResult' object has no attribute 'name'
2025-09-10 01:30:50,388 ERROR Plugin system error: 'GestureResult' object has no attribute 'name'
2025-09-10 01:30:50,440 ERROR Plugin system error: 'GestureResult' object has no attribute 'name'
2025-09-10 01:30:50,499 ERROR Plugin system error: 'GestureResult' object has no attribute 'name'
2025-09-10 01:30:50,545 ERROR Plugin system error: 'GestureResult' object has no attribute 'name'
2025-09-10 01:30:50,588 ERROR Plugin system error: 'GestureResult' object has no attribute 'name'
2025-09-10 01:30:50,633 ERROR Plugin system error: 'GestureResult' object has no attribute 'name'
2025-09-10 01:30:50,681 ERROR Plugin system error: 'GestureResult' object has no attribute 'name'
2025-09-10 01:30:50,727 ERROR Plugin system error: 'GestureResult' object has no attribute 'name'
2025-09-10 01:30:50,775 ERROR Plugin system error: 'GestureResult' object has no attribute 'name'
2025-09-10 01:30:50,818 ERROR Plugin system error: 'GestureResult' object has no attribute 'name'
2025-09-10 01:30:50,867 ERROR Plugin system error: 'GestureResult' object has no attribute 'name'
2025-09-10 01:30:50,910 ERROR Plugin system error: 'GestureResult' object has no attribute 'name'
2025-09-10 01:30:50,956 ERROR Plugin system error: 'GestureResult' object has no attribute 'name'
2025-09-10 01:30:51,007 ERROR Plugin system error: 'GestureResult' object has no attribute 'name'
2025-09-10 01:30:51,050 ERROR Plugin system error: 'GestureResult' object has no attribute 'name'
2025-09-10 01:30:51,111 ERROR Plugin system error: 'GestureResult' object has no attribute 'name'
2025-09-10 01:30:51,162 ERROR Plugin system error: 'GestureResult' object has no attribute 'name'
2025-09-10 01:30:51,209 ERROR Plugin system error: 'GestureResult' object has no attribute 'name'
2025-09-10 01:30:51,260 ERROR Plugin system error: 'GestureResult' object has no attribute 'name'
2025-09-10 01:30:51,315 ERROR Plugin system error: 'GestureResult' object has no attribute 'name'
2025-09-10 01:30:51,374 ERROR Plugin system error: 'GestureResult' object has no attribute 'name'
2025-09-10 01:30:51,420 ERROR Plugin system error: 'GestureResult' object has no attribute 'name'
2025-09-10 01:30:51,468 ERROR Plugin system error: 'GestureResult' object has no attribute 'name'
2025-09-10 01:30:51,516 ERROR Plugin system error: 'GestureResult' object has no attribute 'name'
2025-09-10 01:30:51,562 ERROR Plugin system error: 'GestureResult' object has no attribute 'name'
2025-09-10 01:30:51,608 ERROR Plugin system error: 'GestureResult' object has no attribute 'name'
2025-09-10 01:30:51,653 ERROR Plugin system error: 'GestureResult' object has no attribute 'name'
2025-09-10 01:30:51,700 ERROR Plugin system error: 'GestureResult' object has no attribute 'name'
2025-09-10 01:30:51,749 ERROR Plugin system error: 'GestureResult' object has no attribute 'name'
2025-09-10 01:30:51,793 ERROR Plugin system error: 'GestureResult' object has no attribute 'name'
2025-09-10 01:30:51,841 ERROR Plugin system error: 'GestureResult' object has no attribute 'name'
2025-09-10 01:30:51,886 ERROR Plugin system error: 'GestureResult' object has no attribute 'name'
2025-09-10 01:30:51,933 ERROR Plugin system error: 'GestureResult' object has no attribute 'name'
2025-09-10 01:30:51,982 ERROR Plugin system error: 'GestureResult' object has no attribute 'name'
2025-09-10 01:30:52,027 ERROR Plugin system error: 'GestureResult' object has no attribute 'name'
2025-09-10 01:30:52,075 ERROR Plugin system error: 'GestureResult' object has no attribute 'name'
2025-09-10 01:30:52,120 ERROR Plugin system error: 'GestureResult' object has no attribute 'name'
2025-09-10 01:30:52,167 ERROR Plugin system error: 'GestureResult' object has no attribute 'name'
2025-09-10 01:30:52,215 ERROR Plugin system error: 'GestureResult' object has no attribute 'name'
2025-09-10 01:30:52,257 ERROR Plugin system error: 'GestureResult' object has no attribute 'name'
2025-09-10 01:30:52,322 ERROR Plugin system error: 'GestureResult' object has no attribute 'name'
2025-09-10 01:30:52,367 ERROR Plugin system error: 'GestureResult' object has no attribute 'name'
2025-09-10 01:30:52,413 ERROR Plugin system error: 'GestureResult' object has no attribute 'name'
2025-09-10 01:30:52,458 ERROR Plugin system error: 'GestureResult' object has no attribute 'name'
2025-09-10 01:30:52,507 ERROR Plugin system error: 'GestureResult' object has no attribute 'name'
2025-09-10 01:30:52,553 ERROR Plugin system error: 'GestureResult' object has no attribute 'name'
2025-09-10 01:30:52,599 ERROR Plugin system error: 'GestureResult' object has no attribute 'name'
2025-09-10 01:30:52,647 ERROR Plugin system error: 'GestureResult' object has no attribute 'name'
2025-09-10 01:30:52,694 ERROR Plugin system error: 'GestureResult' object has no attribute 'name'
2025-09-10 01:30:52,736 ERROR Plugin system error: 'GestureResult' object has no attribute 'name'
2025-09-10 01:30:52,783 ERROR Plugin system error: 'GestureResult' object has no attribute 'name'
2025-09-10 01:30:52,832 ERROR Plugin system error: 'GestureResult' object has no attribute 'name'
2025-09-10 01:30:52,878 ERROR Plugin system error: 'GestureResult' object has no attribute 'name'
2025-09-10 01:30:52,923 ERROR Plugin system error: 'GestureResult' object has no attribute 'name'
2025-09-10 01:30:52,969 ERROR Plugin system error: 'GestureResult' object has no attribute 'name'
2025-09-10 01:30:53,017 ERROR Plugin system error: 'GestureResult' object has no attribute 'name'
2025-09-10 01:30:53,063 ERROR Plugin system error: 'GestureResult' object has no attribute 'name'
2025-09-10 01:30:53,109 ERROR Plugin system error: 'GestureResult' object has no attribute 'name'
2025-09-10 01:30:53,160 ERROR Plugin system error: 'GestureResult' object has no attribute 'name'
2025-09-10 01:30:53,205 ERROR Plugin system error: 'GestureResult' object has no attribute 'name'
2025-09-10 01:30:53,249 ERROR Plugin system error: 'GestureResult' object has no attribute 'name'
2025-09-10 01:30:53,311 ERROR Plugin system error: 'GestureResult' object has no attribute 'name'
2025-09-10 01:30:53,373 ERROR Plugin system error: 'GestureResult' object has no attribute 'name'
2025-09-10 01:30:53,422 ERROR Plugin system error: 'GestureResult' object has no attribute 'name'
2025-09-10 01:30:53,471 ERROR Plugin system error: 'GestureResult' object has no attribute 'name'
2025-09-10 01:30:53,516 ERROR Plugin system error: 'GestureResult' object has no attribute 'name'
2025-09-10 01:30:53,563 ERROR Plugin system error: 'GestureResult' object has no attribute 'name'
2025-09-10 01:30:53,604 ERROR Plugin system error: 'GestureResult' object has no attribute 'name'
2025-09-10 01:30:53,650 ERROR Plugin system error: 'GestureResult' object has no attribute 'name'
2025-09-10 01:30:53,703 ERROR Plugin system error: 'GestureResult' object has no attribute 'name'
2025-09-10 01:30:53,746 ERROR Plugin system error: 'GestureResult' object has no attribute 'name'
2025-09-10 01:30:53,789 ERROR Plugin system error: 'GestureResult' object has no attribute 'name'
2025-09-10 01:30:53,838 ERROR Plugin system error: 'GestureResult' object has no attribute 'name'
2025-09-10 01:30:53,884 ERROR Plugin system error: 'GestureResult' object has no attribute 'name'
2025-09-10 01:30:53,928 ERROR Plugin system error: 'GestureResult' object has no attribute 'name'
2025-09-10 01:30:53,974 ERROR Plugin system error: 'GestureResult' object has no attribute 'name'
2025-09-10 01:30:54,020 ERROR Plugin system error: 'GestureResult' object has no attribute 'name'
2025-09-10 01:30:54,067 ERROR Plugin system error: 'GestureResult' object has no attribute 'name'
2025-09-10 01:30:54,116 ERROR Plugin system error: 'GestureResult' object has no attribute 'name'
2025-09-10 01:30:54,150 ERROR Plugin system error: 'GestureResult' object has no attribute 'name'
2025-09-10 01:30:54,186 ERROR Plugin system error: 'GestureResult' object has no attribute 'name'
2025-09-10 01:30:54,220 ERROR Plugin system error: 'GestureResult' object has no attribute 'name'
2025-09-10 01:30:54,253 ERROR Plugin system error: 'GestureResult' object has no attribute 'name'
2025-09-10 01:30:54,292 ERROR Plugin system error: 'GestureResult' object has no attribute 'name'
2025-09-10 01:30:54,327 ERROR Plugin system error: 'GestureResult' object has no attribute 'name'
2025-09-10 01:30:54,362 ERROR Plugin system error: 'GestureResult' object has no attribute 'name'
2025-09-10 01:30:54,397 ERROR Plugin system error: 'GestureResult' object has no attribute 'name'
2025-09-10 01:30:54,466 ERROR Plugin system error: 'GestureResult' object has no attribute 'name'
2025-09-10 01:30:55,678 ERROR Plugin system error: 'GestureResult' object has no attribute 'name'
2025-09-10 01:30:55,730 ERROR Plugin system error: 'GestureResult' object has no attribute 'name'
2025-09-10 01:30:55,775 ERROR Plugin system error: 'GestureResult' object has no attribute 'name'
2025-09-10 01:30:55,829 ERROR Plugin system error: 'GestureResult' object has no attribute 'name'
2025-09-10 01:30:55,863 ERROR Plugin system error: 'GestureResult' object has no attribute 'name'
2025-09-10 01:30:55,898 ERROR Plugin system error: 'GestureResult' object has no attribute 'name'
2025-09-10 01:30:55,935 ERROR Plugin system error: 'GestureResult' object has no attribute 'name'
2025-09-10 01:30:55,976 ERROR Plugin system error: 'GestureResult' object has no attribute 'name'
2025-09-10 01:30:56,013 ERROR Plugin system error: 'GestureResult' object has no attribute 'name'
2025-09-10 01:30:56,049 ERROR Plugin system error: 'GestureResult' object has no attribute 'name'
2025-09-10 01:30:56,090 ERROR Plugin system error: 'GestureResult' object has no attribute 'name'
2025-09-10 01:30:56,129 ERROR Plugin system error: 'GestureResult' object has no attribute 'name'
2025-09-10 01:30:56,169 ERROR Plugin system error: 'GestureResult' object has no attribute 'name'
2025-09-10 01:30:56,205 ERROR Plugin system error: 'GestureResult' object has no attribute 'name'
2025-09-10 01:30:56,244 ERROR Plugin system error: 'GestureResult' object has no attribute 'name'
2025-09-10 01:30:56,281 ERROR Plugin system error: 'GestureResult' object has no attribute 'name'
2025-09-10 01:30:56,317 ERROR Plugin system error: 'GestureResult' object has no attribute 'name'
2025-09-10 01:30:56,357 ERROR Plugin system error: 'GestureResult' object has no attribute 'name'
2025-09-10 01:30:56,393 ERROR Plugin system error: 'GestureResult' object has no attribute 'name'
2025-09-10 01:30:56,433 ERROR Plugin system error: 'GestureResult' object has no attribute 'name'
2025-09-10 01:30:56,472 ERROR Plugin system error: 'GestureResult' object has no attribute 'name'
2025-09-10 01:30:56,510 ERROR Plugin system error: 'GestureResult' object has no attribute 'name'
2025-09-10 01:30:56,551 ERROR Plugin system error: 'GestureResult' object has no attribute 'name'
2025-09-10 01:30:56,588 ERROR Plugin system error: 'GestureResult' object has no attribute 'name'
2025-09-10 01:30:56,648 ERROR Plugin system error: 'GestureResult' object has no attribute 'name'
2025-09-10 01:30:56,685 ERROR Plugin system error: 'GestureResult' object has no attribute 'name'
2025-09-10 01:30:56,720 ERROR Plugin system error: 'GestureResult' object has no attribute 'name'
2025-09-10 01:30:56,761 ERROR Plugin system error: 'GestureResult' object has no attribute 'name'
2025-09-10 01:30:56,798 ERROR Plugin system error: 'GestureResult' object has no attribute 'name'
2025-09-10 01:30:56,835 ERROR Plugin system error: 'GestureResult' object has no attribute 'name'
2025-09-10 01:30:56,871 ERROR Plugin system error: 'GestureResult' object has no attribute 'name'
2025-09-10 01:30:56,910 ERROR Plugin system error: 'GestureResult' object has no attribute 'name'
2025-09-10 01:30:56,960 ERROR Plugin system error: 'GestureResult' object has no attribute 'name'
2025-09-10 01:30:56,996 ERROR Plugin system error: 'GestureResult' object has no attribute 'name'
2025-09-10 01:30:57,033 ERROR Plugin system error: 'GestureResult' object has no attribute 'name'
2025-09-10 01:30:57,067 ERROR Plugin system error: 'GestureResult' object has no attribute 'name'
2025-09-10 01:30:57,105 ERROR Plugin system error: 'GestureResult' object has no attribute 'name'
2025-09-10 01:30:57,139 ERROR Plugin system error: 'GestureResult' object has no attribute 'name'
2025-09-10 01:30:57,176 ERROR Plugin system error: 'GestureResult' object has no attribute 'name'
2025-09-10 01:30:57,212 ERROR Plugin system error: 'GestureResult' object has no attribute 'name'
2025-09-10 01:30:57,248 ERROR Plugin system error: 'GestureResult' object has no attribute 'name'
2025-09-10 01:30:57,317 ERROR Plugin system error: 'GestureResult' object has no attribute 'name'
2025-09-10 01:30:57,351 ERROR Plugin system error: 'GestureResult' object has no attribute 'name'
2025-09-10 01:30:57,387 ERROR Plugin system error: 'GestureResult' object has no attribute 'name'
2025-09-10 01:30:57,422 ERROR Plugin system error: 'GestureResult' object has no attribute 'name'
2025-09-10 01:30:57,457 ERROR Plugin system error: 'GestureResult' object has no attribute 'name'
2025-09-10 01:30:57,491 ERROR Plugin system error: 'GestureResult' object has no attribute 'name'
2025-09-10 01:30:57,527 ERROR Plugin system error: 'GestureResult' object has no attribute 'name'
2025-09-10 01:30:57,563 ERROR Plugin system error: 'GestureResult' object has no attribute 'name'
2025-09-10 01:30:57,596 ERROR Plugin system error: 'GestureResult' object has no attribute 'name'
2025-09-10 01:30:57,632 ERROR Plugin system error: 'GestureResult' object has no attribute 'name'
2025-09-10 01:30:57,665 ERROR Plugin system error: 'GestureResult' object has no attribute 'name'
2025-09-10 01:30:57,701 ERROR Plugin system error: 'GestureResult' object has no attribute 'name'
2025-09-10 01:30:57,733 ERROR Plugin system error: 'GestureResult' object has no attribute 'name'
2025-09-10 01:30:57,768 ERROR Plugin system error: 'GestureResult' object has no attribute 'name'
2025-09-10 01:31:01,341 ERROR Plugin system error: 'GestureResult' object has no attribute 'name'
2025-09-10 01:31:01,382 ERROR Plugin system error: 'GestureResult' object has no attribute 'name'
2025-09-10 01:31:03,006 ERROR Plugin system error: 'GestureResult' object has no attribute 'name'
2025-09-10 01:31:03,043 ERROR Plugin system error: 'GestureResult' object has no attribute 'name'
2025-09-10 01:31:03,082 ERROR Plugin system error: 'GestureResult' object has no attribute 'name'
2025-09-10 01:31:03,120 ERROR Plugin system error: 'GestureResult' object has no attribute 'name'
2025-09-10 01:31:03,155 ERROR Plugin system error: 'GestureResult' object has no attribute 'name'
2025-09-10 01:31:03,188 ERROR Plugin system error: 'GestureResult' object has no attribute 'name'
2025-09-10 01:31:03,225 ERROR Plugin system error: 'GestureResult' object has no attribute 'name'
2025-09-10 01:31:03,265 ERROR Plugin system error: 'GestureResult' object has no attribute 'name'
2025-09-10 01:31:03,304 ERROR Plugin system error: 'GestureResult' object has no attribute 'name'
2025-09-10 01:31:03,341 ERROR Plugin system error: 'GestureResult' object has no attribute 'name'
2025-09-10 01:31:03,381 ERROR Plugin system error: 'GestureResult' object has no attribute 'name'
2025-09-10 01:31:03,416 ERROR Plugin system error: 'GestureResult' object has no attribute 'name'
2025-09-10 01:31:03,451 ERROR Plugin system error: 'GestureResult' object has no attribute 'name'
2025-09-10 01:31:03,527 ERROR Plugin system error: 'GestureResult' object has no attribute 'name'
2025-09-10 01:31:03,560 ERROR Plugin system error: 'GestureResult' object has no attribute 'name'
2025-09-10 01:31:03,596 ERROR Plugin system error: 'GestureResult' object has no attribute 'name'
2025-09-10 01:31:03,632 ERROR Plugin system error: 'GestureResult' object has no attribute 'name'
2025-09-10 01:31:03,668 ERROR Plugin system error: 'GestureResult' object has no attribute 'name'
2025-09-10 01:31:03,703 ERROR Plugin system error: 'GestureResult' object has no attribute 'name'
2025-09-10 01:31:03,739 ERROR Plugin system error: 'GestureResult' object has no attribute 'name'
2025-09-10 01:31:03,773 ERROR Plugin system error: 'GestureResult' object has no attribute 'name'
2025-09-10 01:31:03,810 ERROR Plugin system error: 'GestureResult' object has no attribute 'name'
2025-09-10 01:31:03,845 ERROR Plugin system error: 'GestureResult' object has no attribute 'name'
2025-09-10 01:31:03,880 ERROR Plugin system error: 'GestureResult' object has no attribute 'name'
2025-09-10 01:31:03,915 ERROR Plugin system error: 'GestureResult' object has no attribute 'name'
2025-09-10 01:31:03,950 ERROR Plugin system error: 'GestureResult' object has no attribute 'name'
2025-09-10 01:31:03,983 ERROR Plugin system error: 'GestureResult' object has no attribute 'name'
2025-09-10 01:31:04,018 ERROR Plugin system error: 'GestureResult' object has no attribute 'name'
2025-09-10 01:31:04,052 ERROR Plugin system error: 'GestureResult' object has no attribute 'name'
2025-09-10 01:31:04,089 ERROR Plugin system error: 'GestureResult' object has no attribute 'name'
2025-09-10 01:31:04,123 ERROR Plugin system error: 'GestureResult' object has no attribute 'name'
2025-09-10 01:31:04,159 ERROR Plugin system error: 'GestureResult' object has no attribute 'name'
2025-09-10 01:31:04,193 ERROR Plugin system error: 'GestureResult' object has no attribute 'name'
2025-09-10 01:31:04,233 ERROR Plugin system error: 'GestureResult' object has no attribute 'name'
2025-09-10 01:31:04,267 ERROR Plugin system error: 'GestureResult' object has no attribute 'name'
2025-09-10 01:31:04,303 ERROR Plugin system error: 'GestureResult' object has no attribute 'name'
2025-09-10 01:31:04,337 ERROR Plugin system error: 'GestureResult' object has no attribute 'name'
2025-09-10 01:31:04,372 ERROR Plugin system error: 'GestureResult' object has no attribute 'name'
2025-09-10 01:31:04,408 ERROR Plugin system error: 'GestureResult' object has no attribute 'name'
2025-09-10 01:31:04,443 ERROR Plugin system error: 'GestureResult' object has no attribute 'name'
2025-09-10 01:31:04,480 ERROR Plugin system error: 'GestureResult' object has no attribute 'name'
2025-09-10 01:31:04,514 ERROR Plugin system error: 'GestureResult' object has no attribute 'name'
2025-09-10 01:31:04,553 ERROR Plugin system error: 'GestureResult' object has no attribute 'name'
2025-09-10 01:31:04,587 ERROR Plugin system error: 'GestureResult' object has no attribute 'name'
2025-09-10 01:31:04,667 ERROR Plugin system error: 'GestureResult' object has no attribute 'name'
2025-09-10 01:31:04,702 ERROR Plugin system error: 'GestureResult' object has no attribute 'name'
2025-09-10 01:31:04,742 ERROR Plugin system error: 'GestureResult' object has no attribute 'name'
2025-09-10 01:31:04,778 ERROR Plugin system error: 'GestureResult' object has no attribute 'name'
2025-09-10 01:31:04,813 ERROR Plugin system error: 'GestureResult' object has no attribute 'name'
2025-09-10 01:31:04,848 ERROR Plugin system error: 'GestureResult' object has no attribute 'name'
2025-09-10 01:31:04,881 ERROR Plugin system error: 'GestureResult' object has no attribute 'name'
2025-09-10 01:31:04,919 ERROR Plugin system error: 'GestureResult' object has no attribute 'name'
2025-09-10 01:31:04,958 ERROR Plugin system error: 'GestureResult' object has no attribute 'name'
2025-09-10 01:31:04,992 ERROR Plugin system error: 'GestureResult' object has no attribute 'name'
2025-09-10 01:31:05,026 ERROR Plugin system error: 'GestureResult' object has no attribute 'name'
2025-09-10 01:31:05,062 ERROR Plugin system error: 'GestureResult' object has no attribute 'name'
2025-09-10 01:31:05,096 ERROR Plugin system error: 'GestureResult' object has no attribute 'name'
2025-09-10 01:31:05,132 ERROR Plugin system error: 'GestureResult' object has no attribute 'name'
2025-09-10 01:31:05,167 ERROR Plugin system error: 'GestureResult' object has no attribute 'name'
2025-09-10 01:31:05,205 ERROR Plugin system error: 'GestureResult' object has no attribute 'name'
2025-09-10 01:31:05,240 ERROR Plugin system error: 'GestureResult' object has no attribute 'name'
2025-09-10 01:31:05,274 ERROR Plugin system error: 'GestureResult' object has no attribute 'name'
2025-09-10 01:31:05,310 ERROR Plugin system error: 'GestureResult' object has no attribute 'name'
2025-09-10 01:31:05,345 ERROR Plugin system error: 'GestureResult' object has no attribute 'name'
2025-09-10 01:31:05,383 ERROR Plugin system error: 'GestureResult' object has no attribute 'name'
2025-09-10 01:31:05,421 ERROR Plugin system error: 'GestureResult' object has no attribute 'name'
2025-09-10 01:31:05,459 ERROR Plugin system error: 'GestureResult' object has no attribute 'name'
2025-09-10 01:31:05,496 ERROR Plugin system error: 'GestureResult' object has no attribute 'name'
2025-09-10 01:31:05,533 ERROR Plugin system error: 'GestureResult' object has no attribute 'name'
2025-09-10 01:31:05,589 ERROR Plugin system error: 'GestureResult' object has no attribute 'name'
2025-09-10 01:31:05,623 ERROR Plugin system error: 'GestureResult' object has no attribute 'name'
2025-09-10 01:31:05,662 ERROR Plugin system error: 'GestureResult' object has no attribute 'name'
2025-09-10 01:31:05,700 ERROR Plugin system error: 'GestureResult' object has no attribute 'name'
2025-09-10 01:31:05,735 ERROR Plugin system error: 'GestureResult' object has no attribute 'name'
2025-09-10 01:31:05,773 ERROR Plugin system error: 'GestureResult' object has no attribute 'name'
2025-09-10 01:31:05,809 ERROR Plugin system error: 'GestureResult' object has no attribute 'name'
2025-09-10 01:31:05,847 ERROR Plugin system error: 'GestureResult' object has no attribute 'name'
2025-09-10 01:31:05,887 ERROR Plugin system error: 'GestureResult' object has no attribute 'name'
2025-09-10 01:31:05,926 ERROR Plugin system error: 'GestureResult' object has no attribute 'name'
2025-09-10 01:31:05,963 ERROR Plugin system error: 'GestureResult' object has no attribute 'name'
2025-09-10 01:31:06,000 ERROR Plugin system error: 'GestureResult' object has no attribute 'name'
2025-09-10 01:31:06,038 ERROR Plugin system error: 'GestureResult' object has no attribute 'name'
2025-09-10 01:31:06,074 ERROR Plugin system error: 'GestureResult' object has no attribute 'name'
2025-09-10 01:31:06,111 ERROR Plugin system error: 'GestureResult' object has no attribute 'name'
2025-09-10 01:31:06,149 ERROR Plugin system error: 'GestureResult' object has no attribute 'name'
2025-09-10 01:31:06,185 ERROR Plugin system error: 'GestureResult' object has no attribute 'name'
2025-09-10 01:31:06,223 ERROR Plugin system error: 'GestureResult' object has no attribute 'name'
2025-09-10 01:31:06,259 ERROR Plugin system error: 'GestureResult' object has no attribute 'name'
2025-09-10 01:31:06,297 ERROR Plugin system error: 'GestureResult' object has no attribute 'name'
2025-09-10 01:31:06,336 ERROR Plugin system error: 'GestureResult' object has no attribute 'name'
2025-09-10 01:31:06,392 ERROR Plugin system error: 'GestureResult' object has no attribute 'name'
2025-09-10 01:31:06,428 ERROR Plugin system error: 'GestureResult' object has no attribute 'name'
2025-09-10 01:31:06,463 ERROR Plugin system error: 'GestureResult' object has no attribute 'name'
2025-09-10 01:31:06,504 ERROR Plugin system error: 'GestureResult' object has no attribute 'name'
2025-09-10 01:31:06,543 ERROR Plugin system error: 'GestureResult' object has no attribute 'name'
2025-09-10 01:31:06,584 ERROR Plugin system error: 'GestureResult' object has no attribute 'name'
2025-09-10 01:31:06,620 ERROR Plugin system error: 'GestureResult' object has no attribute 'name'
2025-09-10 01:31:06,663 ERROR Plugin system error: 'GestureResult' object has no attribute 'name'
2025-09-10 01:31:06,697 ERROR Plugin system error: 'GestureResult' object has no attribute 'name'
2025-09-10 01:31:06,740 ERROR Plugin system error: 'GestureResult' object has no attribute 'name'
2025-09-10 01:31:09,831 ERROR Plugin system error: 'GestureResult' object has no attribute 'name'
2025-09-10 01:31:09,867 ERROR Plugin system error: 'GestureResult' object has no attribute 'name'
2025-09-10 01:31:09,907 ERROR Plugin system error: 'GestureResult' object has no attribute 'name'
2025-09-10 01:31:09,943 ERROR Plugin system error: 'GestureResult' object has no attribute 'name'
2025-09-10 01:31:09,980 ERROR Plugin system error: 'GestureResult' object has no attribute 'name'
2025-09-10 01:31:10,017 ERROR Plugin system error: 'GestureResult' object has no attribute 'name'
2025-09-10 01:31:10,057 ERROR Plugin system error: 'GestureResult' object has no attribute 'name'
2025-09-10 01:31:10,093 ERROR Plugin system error: 'GestureResult' object has no attribute 'name'
2025-09-10 01:31:10,135 ERROR Plugin system error: 'GestureResult' object has no attribute 'name'
2025-09-10 01:31:10,200 ERROR Plugin system error: 'GestureResult' object has no attribute 'name'
2025-09-10 01:31:10,234 ERROR Plugin system error: 'GestureResult' object has no attribute 'name'
2025-09-10 01:31:10,268 ERROR Plugin system error: 'GestureResult' object has no attribute 'name'
2025-09-10 01:31:10,303 ERROR Plugin system error: 'GestureResult' object has no attribute 'name'
2025-09-10 01:31:10,338 ERROR Plugin system error: 'GestureResult' object has no attribute 'name'
2025-09-10 01:31:10,373 ERROR Plugin system error: 'GestureResult' object has no attribute 'name'
2025-09-10 01:31:10,408 ERROR Plugin system error: 'GestureResult' object has no attribute 'name'
2025-09-10 01:31:10,444 ERROR Plugin system error: 'GestureResult' object has no attribute 'name'
2025-09-10 01:31:10,477 ERROR Plugin system error: 'GestureResult' object has no attribute 'name'
2025-09-10 01:31:10,514 ERROR Plugin system error: 'GestureResult' object has no attribute 'name'
2025-09-10 01:31:10,549 ERROR Plugin system error: 'GestureResult' object has no attribute 'name'
2025-09-10 01:31:10,583 ERROR Plugin system error: 'GestureResult' object has no attribute 'name'
2025-09-10 01:31:10,618 ERROR Plugin system error: 'GestureResult' object has no attribute 'name'
2025-09-10 01:31:10,655 ERROR Plugin system error: 'GestureResult' object has no attribute 'name'
2025-09-10 01:31:10,690 ERROR Plugin system error: 'GestureResult' object has no attribute 'name'
2025-09-10 01:31:10,726 ERROR Plugin system error: 'GestureResult' object has no attribute 'name'
2025-09-10 01:31:10,761 ERROR Plugin system error: 'GestureResult' object has no attribute 'name'
2025-09-10 01:31:10,799 ERROR Plugin system error: 'GestureResult' object has no attribute 'name'
2025-09-10 01:31:10,840 ERROR Plugin system error: 'GestureResult' object has no attribute 'name'
2025-09-10 01:31:10,877 ERROR Plugin system error: 'GestureResult' object has no attribute 'name'
2025-09-10 01:31:10,933 ERROR Plugin system error: 'GestureResult' object has no attribute 'name'
2025-09-10 01:31:10,999 ERROR Plugin system error: 'GestureResult' object has no attribute 'name'
2025-09-10 01:31:11,032 ERROR Plugin system error: 'GestureResult' object has no attribute 'name'
2025-09-10 01:31:11,066 ERROR Plugin system error: 'GestureResult' object has no attribute 'name'
2025-09-10 01:31:11,102 ERROR Plugin system error: 'GestureResult' object has no attribute 'name'
2025-09-10 01:31:11,138 ERROR Plugin system error: 'GestureResult' object has no attribute 'name'
2025-09-10 01:31:11,171 ERROR Plugin system error: 'GestureResult' object has no attribute 'name'
2025-09-10 01:31:11,207 ERROR Plugin system error: 'GestureResult' object has no attribute 'name'
2025-09-10 01:31:11,245 ERROR Plugin system error: 'GestureResult' object has no attribute 'name'
2025-09-10 01:31:11,289 ERROR Plugin system error: 'GestureResult' object has no attribute 'name'
2025-09-10 01:31:11,328 ERROR Plugin system error: 'GestureResult' object has no attribute 'name'
2025-09-10 01:31:11,368 ERROR Plugin system error: 'GestureResult' object has no attribute 'name'
2025-09-10 01:31:11,403 ERROR Plugin system error: 'GestureResult' object has no attribute 'name'
2025-09-10 01:31:11,443 ERROR Plugin system error: 'GestureResult' object has no attribute 'name'
2025-09-10 01:31:11,481 ERROR Plugin system error: 'GestureResult' object has no attribute 'name'
2025-09-10 01:31:11,521 ERROR Plugin system error: 'GestureResult' object has no attribute 'name'
2025-09-10 01:31:11,557 ERROR Plugin system error: 'GestureResult' object has no attribute 'name'
2025-09-10 01:31:12,634 ERROR Plugin system error: 'GestureResult' object has no attribute 'name'
2025-09-10 01:31:12,686 ERROR Plugin system error: 'GestureResult' object has no attribute 'name'
2025-09-10 01:31:12,730 ERROR Plugin system error: 'GestureResult' object has no attribute 'name'
2025-09-10 01:31:12,767 ERROR Plugin system error: 'GestureResult' object has no attribute 'name'
2025-09-10 01:31:12,808 ERROR Plugin system error: 'GestureResult' object has no attribute 'name'
2025-09-10 01:31:12,843 ERROR Plugin system error: 'GestureResult' object has no attribute 'name'
2025-09-10 01:31:12,883 ERROR Plugin system error: 'GestureResult' object has no attribute 'name'
2025-09-10 01:31:12,918 ERROR Plugin system error: 'GestureResult' object has no attribute 'name'
2025-09-10 01:31:12,956 ERROR Plugin system error: 'GestureResult' object has no attribute 'name'
2025-09-10 01:31:12,990 ERROR Plugin system error: 'GestureResult' object has no attribute 'name'
2025-09-10 01:31:13,024 ERROR Plugin system error: 'GestureResult' object has no attribute 'name'
2025-09-10 01:31:13,060 ERROR Plugin system error: 'GestureResult' object has no attribute 'name'
2025-09-10 01:31:13,095 ERROR Plugin system error: 'GestureResult' object has no attribute 'name'
2025-09-10 01:31:13,130 ERROR Plugin system error: 'GestureResult' object has no attribute 'name'
2025-09-10 01:31:13,163 ERROR Plugin system error: 'GestureResult' object has no attribute 'name'
2025-09-10 01:31:13,200 ERROR Plugin system error: 'GestureResult' object has no attribute 'name'
2025-09-10 01:31:13,233 ERROR Plugin system error: 'GestureResult' object has no attribute 'name'
2025-09-10 01:31:13,269 ERROR Plugin system error: 'GestureResult' object has no attribute 'name'
2025-09-10 01:31:13,304 ERROR Plugin system error: 'GestureResult' object has no attribute 'name'
2025-09-10 01:31:13,337 ERROR Plugin system error: 'GestureResult' object has no attribute 'name'
2025-09-10 01:31:13,373 ERROR Plugin system error: 'GestureResult' object has no attribute 'name'
2025-09-10 01:31:13,406 ERROR Plugin system error: 'GestureResult' object has no attribute 'name'
2025-09-10 01:31:13,442 ERROR Plugin system error: 'GestureResult' object has no attribute 'name'
2025-09-10 01:31:13,477 ERROR Plugin system error: 'GestureResult' object has no attribute 'name'
2025-09-10 01:31:13,518 ERROR Plugin system error: 'GestureResult' object has no attribute 'name'
2025-09-10 01:31:13,555 ERROR Plugin system error: 'GestureResult' object has no attribute 'name'
2025-09-10 01:31:13,593 ERROR Plugin system error: 'GestureResult' object has no attribute 'name'
2025-09-10 01:31:14,286 ERROR Plugin system error: 'GestureResult' object has no attribute 'name'
2025-09-10 01:31:14,333 ERROR Plugin system error: 'GestureResult' object has no attribute 'name'
2025-09-10 01:31:14,371 ERROR Plugin system error: 'GestureResult' object has no attribute 'name'
2025-09-10 01:31:14,407 ERROR Plugin system error: 'GestureResult' object has no attribute 'name'
2025-09-10 01:31:14,443 ERROR Plugin system error: 'GestureResult' object has no attribute 'name'
2025-09-10 01:31:14,479 ERROR Plugin system error: 'GestureResult' object has no attribute 'name'
2025-09-10 01:31:14,533 ERROR Plugin system error: 'GestureResult' object has no attribute 'name'
2025-09-10 01:31:14,597 ERROR Plugin system error: 'GestureResult' object has no attribute 'name'
2025-09-10 01:31:14,633 ERROR Plugin system error: 'GestureResult' object has no attribute 'name'
2025-09-10 01:31:14,670 ERROR Plugin system error: 'GestureResult' object has no attribute 'name'
2025-09-10 01:31:14,706 ERROR Plugin system error: 'GestureResult' object has no attribute 'name'
2025-09-10 01:31:14,744 ERROR Plugin system error: 'GestureResult' object has no attribute 'name'
2025-09-10 01:31:14,782 ERROR Plugin system error: 'GestureResult' object has no attribute 'name'
2025-09-10 01:31:14,822 ERROR Plugin system error: 'GestureResult' object has no attribute 'name'
2025-09-10 01:31:14,860 ERROR Plugin system error: 'GestureResult' object has no attribute 'name'
2025-09-10 01:31:14,893 ERROR Plugin system error: 'GestureResult' object has no attribute 'name'
2025-09-10 01:31:14,927 ERROR Plugin system error: 'GestureResult' object has no attribute 'name'
2025-09-10 01:31:14,964 ERROR Plugin system error: 'GestureResult' object has no attribute 'name'
2025-09-10 01:31:15,000 ERROR Plugin system error: 'GestureResult' object has no attribute 'name'
2025-09-10 01:31:15,041 ERROR Plugin system error: 'GestureResult' object has no attribute 'name'
2025-09-10 01:31:15,075 ERROR Plugin system error: 'GestureResult' object has no attribute 'name'
2025-09-10 01:31:16,824 ERROR Plugin system error: 'GestureResult' object has no attribute 'name'
2025-09-10 01:31:16,874 ERROR Plugin system error: 'GestureResult' object has no attribute 'name'
2025-09-10 01:31:16,921 ERROR Plugin system error: 'GestureResult' object has no attribute 'name'
2025-09-10 01:31:16,956 ERROR Plugin system error: 'GestureResult' object has no attribute 'name'
2025-09-10 01:31:16,994 ERROR Plugin system error: 'GestureResult' object has no attribute 'name'
2025-09-10 01:31:17,029 ERROR Plugin system error: 'GestureResult' object has no attribute 'name'
2025-09-10 01:31:17,064 ERROR Plugin system error: 'GestureResult' object has no attribute 'name'
2025-09-10 01:31:17,100 ERROR Plugin system error: 'GestureResult' object has no attribute 'name'
2025-09-10 01:31:17,136 ERROR Plugin system error: 'GestureResult' object has no attribute 'name'
2025-09-10 01:31:17,171 ERROR Plugin system error: 'GestureResult' object has no attribute 'name'
2025-09-10 01:31:17,206 ERROR Plugin system error: 'GestureResult' object has no attribute 'name'
2025-09-10 01:31:17,245 ERROR Plugin system error: 'GestureResult' object has no attribute 'name'
2025-09-10 01:31:17,280 ERROR Plugin system error: 'GestureResult' object has no attribute 'name'
2025-09-10 01:31:17,333 ERROR Plugin system error: 'GestureResult' object has no attribute 'name'
2025-09-10 01:31:17,397 ERROR Plugin system error: 'GestureResult' object has no attribute 'name'
2025-09-10 01:31:17,432 ERROR Plugin system error: 'GestureResult' object has no attribute 'name'
2025-09-10 01:31:17,479 ERROR Plugin system error: 'GestureResult' object has no attribute 'name'
2025-09-10 01:31:17,515 ERROR Plugin system error: 'GestureResult' object has no attribute 'name'
2025-09-10 01:31:17,552 ERROR Plugin system error: 'GestureResult' object has no attribute 'name'
2025-09-10 01:31:17,588 ERROR Plugin system error: 'GestureResult' object has no attribute 'name'
2025-09-10 01:31:17,622 ERROR Plugin system error: 'GestureResult' object has no attribute 'name'
2025-09-10 01:31:17,659 ERROR Plugin system error: 'GestureResult' object has no attribute 'name'
2025-09-10 01:31:17,693 ERROR Plugin system error: 'GestureResult' object has no attribute 'name'
2025-09-10 01:31:17,729 ERROR Plugin system error: 'GestureResult' object has no attribute 'name'
2025-09-10 01:31:17,761 ERROR Plugin system error: 'GestureResult' object has no attribute 'name'
2025-09-10 01:31:17,798 ERROR Plugin system error: 'GestureResult' object has no attribute 'name'
2025-09-10 01:31:17,831 ERROR Plugin system error: 'GestureResult' object has no attribute 'name'
2025-09-10 01:31:17,866 ERROR Plugin system error: 'GestureResult' object has no attribute 'name'
2025-09-10 01:31:17,899 ERROR Plugin system error: 'GestureResult' object has no attribute 'name'
2025-09-10 01:31:17,934 ERROR Plugin system error: 'GestureResult' object has no attribute 'name'
2025-09-10 01:31:17,973 ERROR Plugin system error: 'GestureResult' object has no attribute 'name'
2025-09-10 01:31:19,430 INFO Plugin System Deactivated
2025-09-10 01:32:04,270 INFO Plugin System Activated
2025-09-10 01:32:11,812 ERROR Plugin system error: 'GestureResult' object has no attribute 'name'
2025-09-10 01:32:11,853 ERROR Plugin system error: 'GestureResult' object has no attribute 'name'
2025-09-10 01:32:11,900 ERROR Plugin system error: 'GestureResult' object has no attribute 'name'
2025-09-10 01:32:11,947 ERROR Plugin system error: 'GestureResult' object has no attribute 'name'
2025-09-10 01:32:11,996 ERROR Plugin system error: 'GestureResult' object has no attribute 'name'
2025-09-10 01:32:12,034 ERROR Plugin system error: 'GestureResult' object has no attribute 'name'
2025-09-10 01:32:12,072 ERROR Plugin system error: 'GestureResult' object has no attribute 'name'
2025-09-10 01:32:12,116 ERROR Plugin system error: 'GestureResult' object has no attribute 'name'
2025-09-10 01:32:12,166 ERROR Plugin system error: 'GestureResult' object has no attribute 'name'
2025-09-10 01:32:12,214 ERROR Plugin system error: 'GestureResult' object has no attribute 'name'
2025-09-10 01:32:12,256 ERROR Plugin system error: 'GestureResult' object has no attribute 'name'
2025-09-10 01:32:12,317 ERROR Plugin system error: 'GestureResult' object has no attribute 'name'
2025-09-10 01:32:12,338 ERROR Plugin system error: 'GestureResult' object has no attribute 'name'
2025-09-10 01:32:12,391 ERROR Plugin system error: 'GestureResult' object has no attribute 'name'
2025-09-10 01:32:12,412 ERROR Plugin system error: 'GestureResult' object has no attribute 'name'
2025-09-10 01:32:12,452 ERROR Plugin system error: 'GestureResult' object has no attribute 'name'
2025-09-10 01:32:12,496 ERROR Plugin system error: 'GestureResult' object has no attribute 'name'
2025-09-10 01:32:12,544 ERROR Plugin system error: 'GestureResult' object has no attribute 'name'
2025-09-10 01:32:12,582 ERROR Plugin system error: 'GestureResult' object has no attribute 'name'
2025-09-10 01:32:12,617 ERROR Plugin system error: 'GestureResult' object has no attribute 'name'
2025-09-10 01:32:12,677 ERROR Plugin system error: 'GestureResult' object has no attribute 'name'
2025-09-10 01:32:12,722 ERROR Plugin system error: 'GestureResult' object has no attribute 'name'
2025-09-10 01:32:12,767 ERROR Plugin system error: 'GestureResult' object has no attribute 'name'
2025-09-10 01:32:12,804 ERROR Plugin system error: 'GestureResult' object has no attribute 'name'
2025-09-10 01:32:12,845 ERROR Plugin system error: 'GestureResult' object has no attribute 'name'
2025-09-10 01:32:12,884 ERROR Plugin system error: 'GestureResult' object has no attribute 'name'
2025-09-10 01:32:12,922 ERROR Plugin system error: 'GestureResult' object has no attribute 'name'
2025-09-10 01:32:12,960 ERROR Plugin system error: 'GestureResult' object has no attribute 'name'
2025-09-10 01:32:12,998 ERROR Plugin system error: 'GestureResult' object has no attribute 'name'
2025-09-10 01:32:13,035 ERROR Plugin system error: 'GestureResult' object has no attribute 'name'
2025-09-10 01:32:13,073 ERROR Plugin system error: 'GestureResult' object has no attribute 'name'
2025-09-10 01:32:13,110 ERROR Plugin system error: 'GestureResult' object has no attribute 'name'
2025-09-10 01:32:13,149 ERROR Plugin system error: 'GestureResult' object has no attribute 'name'
2025-09-10 01:32:13,208 ERROR Plugin system error: 'GestureResult' object has no attribute 'name'
2025-09-10 01:32:13,245 ERROR Plugin system error: 'GestureResult' object has no attribute 'name'
2025-09-10 01:32:13,291 ERROR Plugin system error: 'GestureResult' object has no attribute 'name'
2025-09-10 01:32:13,328 ERROR Plugin system error: 'GestureResult' object has no attribute 'name'
2025-09-10 01:32:13,363 ERROR Plugin system error: 'GestureResult' object has no attribute 'name'
2025-09-10 01:32:13,402 ERROR Plugin system error: 'GestureResult' object has no attribute 'name'
2025-09-10 01:32:13,440 ERROR Plugin system error: 'GestureResult' object has no attribute 'name'
2025-09-10 01:32:13,490 ERROR Plugin system error: 'GestureResult' object has no attribute 'name'
2025-09-10 01:32:13,510 ERROR Plugin system error: 'GestureResult' object has no attribute 'name'
2025-09-10 01:32:13,554 ERROR Plugin system error: 'GestureResult' object has no attribute 'name'
2025-09-10 01:32:13,603 ERROR Plugin system error: 'GestureResult' object has no attribute 'name'
2025-09-10 01:32:13,666 ERROR Plugin system error: 'GestureResult' object has no attribute 'name'
2025-09-10 01:32:13,708 ERROR Plugin system error: 'GestureResult' object has no attribute 'name'
2025-09-10 01:32:13,752 ERROR Plugin system error: 'GestureResult' object has no attribute 'name'
2025-09-10 01:32:13,801 ERROR Plugin system error: 'GestureResult' object has no attribute 'name'
2025-09-10 01:32:13,845 ERROR Plugin system error: 'GestureResult' object has no attribute 'name'
2025-09-10 01:32:13,890 ERROR Plugin system error: 'GestureResult' object has no attribute 'name'
2025-09-10 01:32:13,942 ERROR Plugin system error: 'GestureResult' object has no attribute 'name'
2025-09-10 01:32:13,986 ERROR Plugin system error: 'GestureResult' object has no attribute 'name'
2025-09-10 01:32:14,031 ERROR Plugin system error: 'GestureResult' object has no attribute 'name'
2025-09-10 01:32:14,572 ERROR Plugin system error: 'GestureResult' object has no attribute 'name'
2025-09-10 01:32:14,621 ERROR Plugin system error: 'GestureResult' object has no attribute 'name'
2025-09-10 01:32:14,670 ERROR Plugin system error: 'GestureResult' object has no attribute 'name'
2025-09-10 01:32:14,727 ERROR Plugin system error: 'GestureResult' object has no attribute 'name'
2025-09-10 01:32:14,769 ERROR Plugin system error: 'GestureResult' object has no attribute 'name'
2025-09-10 01:32:14,829 ERROR Plugin system error: 'GestureResult' object has no attribute 'name'
2025-09-10 01:32:14,869 ERROR Plugin system error: 'GestureResult' object has no attribute 'name'
2025-09-10 01:32:14,904 ERROR Plugin system error: 'GestureResult' object has no attribute 'name'
2025-09-10 01:32:14,981 ERROR Plugin system error: 'GestureResult' object has no attribute 'name'
2025-09-10 01:32:15,029 ERROR Plugin system error: 'GestureResult' object has no attribute 'name'
2025-09-10 01:32:15,078 ERROR Plugin system error: 'GestureResult' object has no attribute 'name'
2025-09-10 01:32:15,118 ERROR Plugin system error: 'GestureResult' object has no attribute 'name'
2025-09-10 01:32:15,691 ERROR Plugin system error: 'GestureResult' object has no attribute 'name'
2025-09-10 01:32:15,733 ERROR Plugin system error: 'GestureResult' object has no attribute 'name'
2025-09-10 01:32:15,775 ERROR Plugin system error: 'GestureResult' object has no attribute 'name'
2025-09-10 01:32:15,816 ERROR Plugin system error: 'GestureResult' object has no attribute 'name'
2025-09-10 01:32:15,873 ERROR Plugin system error: 'GestureResult' object has no attribute 'name'
2025-09-10 01:32:15,927 ERROR Plugin system error: 'GestureResult' object has no attribute 'name'
2025-09-10 01:32:16,088 ERROR Plugin system error: 'GestureResult' object has no attribute 'name'
2025-09-10 01:32:16,123 ERROR Plugin system error: 'GestureResult' object has no attribute 'name'
2025-09-10 01:32:16,162 ERROR Plugin system error: 'GestureResult' object has no attribute 'name'
2025-09-10 01:32:16,198 ERROR Plugin system error: 'GestureResult' object has no attribute 'name'
2025-09-10 01:32:16,235 ERROR Plugin system error: 'GestureResult' object has no attribute 'name'
2025-09-10 01:32:16,274 ERROR Plugin system error: 'GestureResult' object has no attribute 'name'
2025-09-10 01:32:16,312 ERROR Plugin system error: 'GestureResult' object has no attribute 'name'
2025-09-10 01:32:16,352 ERROR Plugin system error: 'GestureResult' object has no attribute 'name'
2025-09-10 01:32:16,391 ERROR Plugin system error: 'GestureResult' object has no attribute 'name'
2025-09-10 01:32:16,432 ERROR Plugin system error: 'GestureResult' object has no attribute 'name'
2025-09-10 01:32:16,470 ERROR Plugin system error: 'GestureResult' object has no attribute 'name'
2025-09-10 01:32:16,511 ERROR Plugin system error: 'GestureResult' object has no attribute 'name'
2025-09-10 01:32:16,550 ERROR Plugin system error: 'GestureResult' object has no attribute 'name'
2025-09-10 01:32:16,590 ERROR Plugin system error: 'GestureResult' object has no attribute 'name'
2025-09-10 01:32:16,628 ERROR Plugin system error: 'GestureResult' object has no attribute 'name'
2025-09-10 01:32:16,680 ERROR Plugin system error: 'GestureResult' object has no attribute 'name'
2025-09-10 01:32:16,716 ERROR Plugin system error: 'GestureResult' object has no attribute 'name'
2025-09-10 01:32:16,760 ERROR Plugin system error: 'GestureResult' object has no attribute 'name'
2025-09-10 01:32:16,796 ERROR Plugin system error: 'GestureResult' object has no attribute 'name'
2025-09-10 01:32:16,910 ERROR Plugin system error: 'GestureResult' object has no attribute 'name'
2025-09-10 01:32:16,983 ERROR Plugin system error: 'GestureResult' object has no attribute 'name'
2025-09-10 01:32:17,019 ERROR Plugin system error: 'GestureResult' object has no attribute 'name'
2025-09-10 01:32:17,061 ERROR Plugin system error: 'GestureResult' object has no attribute 'name'
2025-09-10 01:32:17,101 ERROR Plugin system error: 'GestureResult' object has no attribute 'name'
2025-09-10 01:32:17,139 ERROR Plugin system error: 'GestureResult' object has no attribute 'name'
2025-09-10 01:32:17,179 ERROR Plugin system error: 'GestureResult' object has no attribute 'name'
2025-09-10 01:32:17,218 ERROR Plugin system error: 'GestureResult' object has no attribute 'name'
2025-09-10 01:32:17,257 ERROR Plugin system error: 'GestureResult' object has no attribute 'name'
2025-09-10 01:32:17,295 ERROR Plugin system error: 'GestureResult' object has no attribute 'name'
2025-09-10 01:32:17,350 ERROR Plugin system error: 'GestureResult' object has no attribute 'name'
2025-09-10 01:32:17,386 ERROR Plugin system error: 'GestureResult' object has no attribute 'name'
2025-09-10 01:32:27,677 INFO Cleaning up plugin system...
2025-09-10 01:32:27,677 INFO Stopped config file watching
2025-09-10 01:32:27,680 INFO Plugin system cleanup complete
2025-09-10 01:32:28,082 INFO Shutdown complete.
